<?xml version="1.0" encoding="UTF-8"?>
<!-- Generated by org.testng.reporters.JUnitReportReporter -->
<testsuite hostname="DESKTOP-KO6OCH7" failures="0" tests="3" name="dataProvider.OrganizationDataProvider" time="167.826" errors="0" timestamp="2023-06-27T11:48:09 IST" skipped="0">
  <testcase classname="dataProvider.OrganizationDataProvider" name="organizationCreate" time="53.088"/>
  <system-out/>
  <testcase classname="dataProvider.OrganizationDataProvider" name="organizationCreate" time="52.399"/>
  <system-out/>
  <testcase classname="dataProvider.OrganizationDataProvider" name="organizationCreate" time="62.339"/>
  <system-out/>
</testsuite> <!-- dataProvider.OrganizationDataProvider -->
