<?xml version="1.0" encoding="UTF-8"?>
<!-- Generated by org.testng.reporters.JUnitReportReporter -->
<testsuite hostname="DESKTOP-KO6OCH7" failures="0" tests="2" name="BrowserLaunch.DataProviderExample" time="0.016" errors="0" timestamp="2023-06-27T10:40:48 IST" skipped="0">
  <testcase classname="BrowserLaunch.DataProviderExample" name="bookTicket" time="0.005"/>
  <system-out/>
  <testcase classname="BrowserLaunch.DataProviderExample" name="bookTicket" time="0.011"/>
  <system-out/>
</testsuite> <!-- BrowserLaunch.DataProviderExample -->
