<?xml version="1.0" encoding="UTF-8"?>
<!-- Generated by org.testng.reporters.JUnitReportReporter -->
<testsuite hostname="DESKTOP-KO6OCH7" failures="0" tests="3" name="others.TestNgEx" time="0.017" errors="0" timestamp="2023-06-21T11:58:59 IST" skipped="1">
  <testcase classname="others.TestNgEx" name="helloEarth" time="0.014"/>
  <system-out/>
  <testcase classname="others.TestNgEx" name="helloWorld" time="0.003"/>
  <system-out/>
  <testcase classname="others.TestNgEx" name="hellohuman">
    <skipped/>
  </testcase> <!-- hellohuman -->
  <system-out/>
</testsuite> <!-- others.TestNgEx -->
