<?xml version="1.0" encoding="UTF-8"?>
<!-- Generated by org.testng.reporters.JUnitReportReporter -->
<testsuite hostname="DESKTOP-KO6OCH7" failures="0" tests="1" name="product.ProductAddandDeleteValidateClassroomExampleTest" time="75.596" errors="0" timestamp="2023-06-26T11:48:16 IST" skipped="0">
  <testcase classname="product.ProductAddandDeleteValidateClassroomExampleTest" name="productAddandDeleteValidateClassroomExampleTest" time="75.596"/>
  <system-out/>
</testsuite> <!-- product.ProductAddandDeleteValidateClassroomExampleTest -->
