<?xml version="1.0" encoding="UTF-8"?>
<!-- Generated by org.testng.reporters.JUnitReportReporter -->
<testsuite hostname="DESKTOP-KO6OCH7" failures="0" tests="1" name="product.CreatingProductandCampaignGenericTest" time="93.710" errors="0" timestamp="2023-06-23T10:50:49 IST" skipped="0">
  <testcase classname="product.CreatingProductandCampaignGenericTest" name="creatingProductandCampaignGenericTest" time="93.710"/>
  <system-out/>
</testsuite> <!-- product.CreatingProductandCampaignGenericTest -->
