<?xml version="1.0" encoding="UTF-8"?>
<!-- Generated by org.testng.reporters.JUnitReportReporter -->
<testsuite hostname="DESKTOP-KO6OCH7" failures="0" tests="1" name="product.GenericCreatingProductTest" time="65.816" errors="0" timestamp="2023-06-26T21:28:37 IST" skipped="0">
  <testcase classname="product.GenericCreatingProductTest" name="genericCreatingProductTest" time="65.816"/>
  <system-out/>
</testsuite> <!-- product.GenericCreatingProductTest -->
