<?xml version="1.0" encoding="UTF-8"?>
<!-- Generated by org.testng.reporters.JUnitReportReporter -->
<testsuite hostname="DESKTOP-KO6OCH7" failures="0" tests="4" name="dataProvider.ExcelOrganizationDataProvider" time="367.492" errors="0" timestamp="2023-06-27T21:40:45 IST" skipped="0">
  <testcase classname="dataProvider.ExcelOrganizationDataProvider" name="organizationCreate" time="72.843"/>
  <system-out/>
  <testcase classname="dataProvider.ExcelOrganizationDataProvider" name="organizationCreate" time="61.372"/>
  <system-out/>
  <testcase classname="dataProvider.ExcelOrganizationDataProvider" name="organizationCreate" time="59.367"/>
  <system-out/>
  <testcase classname="dataProvider.ExcelOrganizationDataProvider" name="organizationCreate" time="173.910"/>
  <system-out/>
</testsuite> <!-- dataProvider.ExcelOrganizationDataProvider -->
