<?xml version="1.0" encoding="UTF-8"?>
<!-- Generated by org.testng.reporters.JUnitReportReporter -->
<testsuite hostname="DESKTOP-KO6OCH7" failures="0" tests="3" name="dataProvider.DataProviderExExcel" time="0.215" errors="0" timestamp="2023-07-01T20:19:43 IST" skipped="0">
  <testcase classname="dataProvider.DataProviderExExcel" name="bookTicket" time="0.145"/>
  <system-out/>
  <testcase classname="dataProvider.DataProviderExExcel" name="bookTicket" time="0.033"/>
  <system-out/>
  <testcase classname="dataProvider.DataProviderExExcel" name="bookTicket" time="0.037"/>
  <system-out/>
</testsuite> <!-- dataProvider.DataProviderExExcel -->
